# JRE version: Java(TM) SE Runtime Environment (17.0.5+9) (build 17.0.5+9-LTS-191)
# Java VM: Java HotSpot(TM) 64-Bit Server VM (17.0.5+9-LTS-191, mixed mode, emulated-client, sharing, tiered, compressed oops, compressed class ptrs, g1 gc, windows-amd64)
GC Precious Log:
 CPUs: 8 total, 8 available
 Memory: 7973M
 Large Page Support: Disabled
 NUMA Support: Disabled
 Compressed Oops: Enabled (32-bit)
 Heap Region Size: 1M
 Heap Min Capacity: 8M
 Heap Initial Capacity: 126M
 Heap Max Capacity: 1994M
 Pre-touch: Disabled
 Parallel Workers: 8
 Concurrent Workers: 2
 Concurrent Refinement Workers: 8
 Periodic GC: Disabled
Heap:
 garbage-first heap   total 86016K, used 36783K [0x0000000083600000, 0x0000000100000000)
  region size 1024K, 2 young (2048K), 2 survivors (2048K)
 Metaspace       used 62493K, committed 63104K, reserved 1105920K
  class space    used 8896K, committed 9152K, reserved 1048576K
GC Heap History (20 events):
Event: 1.258 GC heap after
{Heap after GC invocations=2 (full 0):
 garbage-first heap   total 129024K, used 15240K [0x0000000083600000, 0x0000000100000000)
  region size 1024K, 4 young (4096K), 4 survivors (4096K)
 Metaspace       used 9672K, committed 9920K, reserved 1064960K
  class space    used 1234K, committed 1344K, reserved 1048576K
}
Event: 2.082 GC heap before
{Heap before GC invocations=2 (full 0):
 garbage-first heap   total 129024K, used 61320K [0x0000000083600000, 0x0000000100000000)
  region size 1024K, 49 young (50176K), 4 survivors (4096K)
 Metaspace       used 16917K, committed 17280K, reserved 1064960K
  class space    used 2289K, committed 2432K, reserved 1048576K
}
Event: 2.089 GC heap after
{Heap after GC invocations=3 (full 0):
 garbage-first heap   total 129024K, used 17855K [0x0000000083600000, 0x0000000100000000)
  region size 1024K, 3 young (3072K), 3 survivors (3072K)
 Metaspace       used 16917K, committed 17280K, reserved 1064960K
  class space    used 2289K, committed 2432K, reserved 1048576K
}
Event: 2.313 GC heap before
{Heap before GC invocations=3 (full 0):
 garbage-first heap   total 129024K, used 36287K [0x0000000083600000, 0x0000000100000000)
  region size 1024K, 23 young (23552K), 3 survivors (3072K)
 Metaspace       used 21176K, committed 21504K, reserved 1073152K
  class space    used 2838K, committed 3008K, reserved 1048576K
}
Event: 2.316 GC heap after
{Heap after GC invocations=4 (full 0):
 garbage-first heap   total 129024K, used 18554K [0x0000000083600000, 0x0000000100000000)
  region size 1024K, 4 young (4096K), 4 survivors (4096K)
 Metaspace       used 21176K, committed 21504K, reserved 1073152K
  class space    used 2838K, committed 3008K, reserved 1048576K
}
Event: 2.799 GC heap before
{Heap before GC invocations=5 (full 0):
 garbage-first heap   total 71680K, used 56442K [0x0000000083600000, 0x0000000100000000)
  region size 1024K, 42 young (43008K), 4 survivors (4096K)
 Metaspace       used 26356K, committed 26816K, reserved 1073152K
  class space    used 3476K, committed 3712K, reserved 1048576K
}
Event: 2.805 GC heap after
{Heap after GC invocations=6 (full 0):
 garbage-first heap   total 71680K, used 21062K [0x0000000083600000, 0x0000000100000000)
  region size 1024K, 6 young (6144K), 6 survivors (6144K)
 Metaspace       used 26356K, committed 26816K, reserved 1073152K
  class space    used 3476K, committed 3712K, reserved 1048576K
}
Event: 3.338 GC heap before
{Heap before GC invocations=7 (full 0):
 garbage-first heap   total 71680K, used 51782K [0x0000000083600000, 0x0000000100000000)
  region size 1024K, 36 young (36864K), 6 survivors (6144K)
 Metaspace       used 29119K, committed 29568K, reserved 1081344K
  class space    used 3893K, committed 4096K, reserved 1048576K
}
Event: 3.345 GC heap after
{Heap after GC invocations=8 (full 0):
 garbage-first heap   total 71680K, used 23067K [0x0000000083600000, 0x0000000100000000)
  region size 1024K, 3 young (3072K), 3 survivors (3072K)
 Metaspace       used 29119K, committed 29568K, reserved 1081344K
  class space    used 3893K, committed 4096K, reserved 1048576K
}
Event: 3.905 GC heap before
{Heap before GC invocations=8 (full 0):
 garbage-first heap   total 71680K, used 52763K [0x0000000083600000, 0x0000000100000000)
  region size 1024K, 32 young (32768K), 3 survivors (3072K)
 Metaspace       used 32460K, committed 32960K, reserved 1081344K
  class space    used 4517K, committed 4736K, reserved 1048576K
}
Event: 3.912 GC heap after
{Heap after GC invocations=9 (full 0):
 garbage-first heap   total 86016K, used 24640K [0x0000000083600000, 0x0000000100000000)
  region size 1024K, 4 young (4096K), 4 survivors (4096K)
 Metaspace       used 32460K, committed 32960K, reserved 1081344K
  class space    used 4517K, committed 4736K, reserved 1048576K
}
Event: 4.348 GC heap before
{Heap before GC invocations=9 (full 0):
 garbage-first heap   total 86016K, used 69696K [0x0000000083600000, 0x0000000100000000)
  region size 1024K, 43 young (44032K), 4 survivors (4096K)
 Metaspace       used 35148K, committed 35648K, reserved 1081344K
  class space    used 4887K, committed 5120K, reserved 1048576K
}
Event: 4.361 GC heap after
{Heap after GC invocations=10 (full 0):
 garbage-first heap   total 86016K, used 29447K [0x0000000083600000, 0x0000000100000000)
  region size 1024K, 6 young (6144K), 6 survivors (6144K)
 Metaspace       used 35148K, committed 35648K, reserved 1081344K
  class space    used 4887K, committed 5120K, reserved 1048576K
}
Event: 5.033 GC heap before
{Heap before GC invocations=10 (full 0):
 garbage-first heap   total 86016K, used 66311K [0x0000000083600000, 0x0000000100000000)
  region size 1024K, 41 young (41984K), 6 survivors (6144K)
 Metaspace       used 41792K, committed 42368K, reserved 1089536K
  class space    used 5916K, committed 6208K, reserved 1048576K
}
Event: 5.041 GC heap after
{Heap after GC invocations=11 (full 0):
 garbage-first heap   total 86016K, used 31748K [0x0000000083600000, 0x0000000100000000)
  region size 1024K, 3 young (3072K), 3 survivors (3072K)
 Metaspace       used 41792K, committed 42368K, reserved 1089536K
  class space    used 5916K, committed 6208K, reserved 1048576K
}
Event: 5.259 GC heap before
{Heap before GC invocations=11 (full 0):
 garbage-first heap   total 86016K, used 46084K [0x0000000083600000, 0x0000000100000000)
  region size 1024K, 18 young (18432K), 3 survivors (3072K)
 Metaspace       used 44216K, committed 44736K, reserved 1089536K
  class space    used 6380K, committed 6656K, reserved 1048576K
}
Event: 5.265 GC heap after
{Heap after GC invocations=12 (full 0):
 garbage-first heap   total 86016K, used 32498K [0x0000000083600000, 0x0000000100000000)
  region size 1024K, 3 young (3072K), 3 survivors (3072K)
 Metaspace       used 44216K, committed 44736K, reserved 1089536K
  class space    used 6380K, committed 6656K, reserved 1048576K
}
Event: 6.035 GC heap before
{Heap before GC invocations=13 (full 0):
 garbage-first heap   total 86016K, used 66290K [0x0000000083600000, 0x0000000100000000)
  region size 1024K, 36 young (36864K), 3 survivors (3072K)
 Metaspace       used 54588K, committed 55168K, reserved 1097728K
  class space    used 7787K, committed 8064K, reserved 1048576K
}
Event: 6.043 GC heap after
{Heap after GC invocations=14 (full 0):
 garbage-first heap   total 86016K, used 35497K [0x0000000083600000, 0x0000000100000000)
  region size 1024K, 4 young (4096K), 4 survivors (4096K)
 Metaspace       used 54588K, committed 55168K, reserved 1097728K
  class space    used 7787K, committed 8064K, reserved 1048576K
}
Event: 7.596 GC heap before
{Heap before GC invocations=14 (full 0):
 garbage-first heap   total 86016K, used 67241K [0x0000000083600000, 0x0000000100000000)
  region size 1024K, 35 young (35840K), 4 survivors (4096K)
 Metaspace       used 62493K, committed 63104K, reserved 1105920K
  class space    used 8896K, committed 9152K, reserved 1048576K
}

