# JRE version: Java(TM) SE Runtime Environment (17.0.5+9) (build 17.0.5+9-LTS-191)
# Java VM: Java HotSpot(TM) 64-Bit Server VM (17.0.5+9-LTS-191, mixed mode, emulated-client, sharing, tiered, compressed oops, compressed class ptrs, g1 gc, windows-amd64)
GC Precious Log:
 CPUs: 8 total, 8 available
 Memory: 7973M
 Large Page Support: Disabled
 NUMA Support: Disabled
 Compressed Oops: Enabled (32-bit)
 Heap Region Size: 1M
 Heap Min Capacity: 8M
 Heap Initial Capacity: 126M
 Heap Max Capacity: 1994M
 Pre-touch: Disabled
 Parallel Workers: 8
 Concurrent Workers: 2
 Concurrent Refinement Workers: 8
 Periodic GC: Disabled
Heap:
 garbage-first heap   total 109568K, used 59964K [0x0000000083600000, 0x0000000100000000)
  region size 1024K, 26 young (26624K), 3 survivors (3072K)
 Metaspace       used 64778K, committed 65280K, reserved 1105920K
  class space    used 9354K, committed 9600K, reserved 1048576K
GC Heap History (20 events):
Event: 1.013 GC heap before
{Heap before GC invocations=1 (full 0):
 garbage-first heap   total 129024K, used 41280K [0x0000000083600000, 0x0000000100000000)
  region size 1024K, 29 young (29696K), 3 survivors (3072K)
 Metaspace       used 9674K, committed 9920K, reserved 1064960K
  class space    used 1236K, committed 1344K, reserved 1048576K
}
Event: 1.021 GC heap after
{Heap after GC invocations=2 (full 0):
 garbage-first heap   total 129024K, used 15830K [0x0000000083600000, 0x0000000100000000)
  region size 1024K, 4 young (4096K), 4 survivors (4096K)
 Metaspace       used 9674K, committed 9920K, reserved 1064960K
  class space    used 1236K, committed 1344K, reserved 1048576K
}
Event: 1.968 GC heap before
{Heap before GC invocations=2 (full 0):
 garbage-first heap   total 129024K, used 76246K [0x0000000083600000, 0x0000000100000000)
  region size 1024K, 64 young (65536K), 4 survivors (4096K)
 Metaspace       used 21106K, committed 21504K, reserved 1073152K
  class space    used 2830K, committed 3008K, reserved 1048576K
}
Event: 1.975 GC heap after
{Heap after GC invocations=3 (full 0):
 garbage-first heap   total 129024K, used 18550K [0x0000000083600000, 0x0000000100000000)
  region size 1024K, 7 young (7168K), 7 survivors (7168K)
 Metaspace       used 21106K, committed 21504K, reserved 1073152K
  class space    used 2830K, committed 3008K, reserved 1048576K
}
Event: 2.362 GC heap before
{Heap before GC invocations=4 (full 0):
 garbage-first heap   total 71680K, used 54390K [0x0000000083600000, 0x0000000100000000)
  region size 1024K, 44 young (45056K), 7 survivors (7168K)
 Metaspace       used 26251K, committed 26688K, reserved 1073152K
  class space    used 3461K, committed 3712K, reserved 1048576K
}
Event: 2.367 GC heap after
{Heap after GC invocations=5 (full 0):
 garbage-first heap   total 71680K, used 21305K [0x0000000083600000, 0x0000000100000000)
  region size 1024K, 6 young (6144K), 6 survivors (6144K)
 Metaspace       used 26251K, committed 26688K, reserved 1073152K
  class space    used 3461K, committed 3712K, reserved 1048576K
}
Event: 2.378 GC heap before
{Heap before GC invocations=5 (full 0):
 garbage-first heap   total 71680K, used 22329K [0x0000000083600000, 0x0000000100000000)
  region size 1024K, 7 young (7168K), 6 survivors (6144K)
 Metaspace       used 26306K, committed 26752K, reserved 1073152K
  class space    used 3470K, committed 3712K, reserved 1048576K
}
Event: 2.382 GC heap after
{Heap after GC invocations=6 (full 0):
 garbage-first heap   total 71680K, used 21590K [0x0000000083600000, 0x0000000100000000)
  region size 1024K, 1 young (1024K), 1 survivors (1024K)
 Metaspace       used 26306K, committed 26752K, reserved 1073152K
  class space    used 3470K, committed 3712K, reserved 1048576K
}
Event: 2.821 GC heap before
{Heap before GC invocations=6 (full 0):
 garbage-first heap   total 71680K, used 50262K [0x0000000083600000, 0x0000000100000000)
  region size 1024K, 29 young (29696K), 1 survivors (1024K)
 Metaspace       used 28599K, committed 29056K, reserved 1081344K
  class space    used 3815K, committed 4032K, reserved 1048576K
}
Event: 2.823 GC heap after
{Heap after GC invocations=7 (full 0):
 garbage-first heap   total 71680K, used 22614K [0x0000000083600000, 0x0000000100000000)
  region size 1024K, 2 young (2048K), 2 survivors (2048K)
 Metaspace       used 28599K, committed 29056K, reserved 1081344K
  class space    used 3815K, committed 4032K, reserved 1048576K
}
Event: 3.244 GC heap before
{Heap before GC invocations=7 (full 0):
 garbage-first heap   total 71680K, used 50262K [0x0000000083600000, 0x0000000100000000)
  region size 1024K, 30 young (30720K), 2 survivors (2048K)
 Metaspace       used 31778K, committed 32320K, reserved 1081344K
  class space    used 4386K, committed 4608K, reserved 1048576K
}
Event: 3.247 GC heap after
{Heap after GC invocations=8 (full 0):
 garbage-first heap   total 71680K, used 24465K [0x0000000083600000, 0x0000000100000000)
  region size 1024K, 4 young (4096K), 4 survivors (4096K)
 Metaspace       used 31778K, committed 32320K, reserved 1081344K
  class space    used 4386K, committed 4608K, reserved 1048576K
}
Event: 3.572 GC heap before
{Heap before GC invocations=8 (full 0):
 garbage-first heap   total 71680K, used 54161K [0x0000000083600000, 0x0000000100000000)
  region size 1024K, 32 young (32768K), 4 survivors (4096K)
 Metaspace       used 35120K, committed 35584K, reserved 1081344K
  class space    used 4876K, committed 5120K, reserved 1048576K
}
Event: 3.577 GC heap after
{Heap after GC invocations=9 (full 0):
 garbage-first heap   total 71680K, used 29843K [0x0000000083600000, 0x0000000100000000)
  region size 1024K, 4 young (4096K), 4 survivors (4096K)
 Metaspace       used 35120K, committed 35584K, reserved 1081344K
  class space    used 4876K, committed 5120K, reserved 1048576K
}
Event: 3.733 GC heap before
{Heap before GC invocations=9 (full 0):
 garbage-first heap   total 71680K, used 54419K [0x0000000083600000, 0x0000000100000000)
  region size 1024K, 25 young (25600K), 4 survivors (4096K)
 Metaspace       used 35655K, committed 36160K, reserved 1081344K
  class space    used 4935K, committed 5184K, reserved 1048576K
}
Event: 3.738 GC heap after
{Heap after GC invocations=10 (full 0):
 garbage-first heap   total 140288K, used 30860K [0x0000000083600000, 0x0000000100000000)
  region size 1024K, 2 young (2048K), 2 survivors (2048K)
 Metaspace       used 35655K, committed 36160K, reserved 1081344K
  class space    used 4935K, committed 5184K, reserved 1048576K
}
Event: 4.763 GC heap before
{Heap before GC invocations=11 (full 0):
 garbage-first heap   total 109568K, used 94348K [0x0000000083600000, 0x0000000100000000)
  region size 1024K, 64 young (65536K), 2 survivors (2048K)
 Metaspace       used 48189K, committed 48768K, reserved 1097728K
  class space    used 6916K, committed 7168K, reserved 1048576K
}
Event: 4.767 GC heap after
{Heap after GC invocations=12 (full 0):
 garbage-first heap   total 109568K, used 34804K [0x0000000083600000, 0x0000000100000000)
  region size 1024K, 6 young (6144K), 6 survivors (6144K)
 Metaspace       used 48189K, committed 48768K, reserved 1097728K
  class space    used 6916K, committed 7168K, reserved 1048576K
}
Event: 6.211 GC heap before
{Heap before GC invocations=12 (full 0):
 garbage-first heap   total 109568K, used 74740K [0x0000000083600000, 0x0000000100000000)
  region size 1024K, 46 young (47104K), 6 survivors (6144K)
 Metaspace       used 59939K, committed 60416K, reserved 1105920K
  class space    used 8446K, committed 8640K, reserved 1048576K
}
Event: 6.217 GC heap after
{Heap after GC invocations=13 (full 0):
 garbage-first heap   total 109568K, used 37436K [0x0000000083600000, 0x0000000100000000)
  region size 1024K, 3 young (3072K), 3 survivors (3072K)
 Metaspace       used 59939K, committed 60416K, reserved 1105920K
  class space    used 8446K, committed 8640K, reserved 1048576K
}

