# JRE version: Java(TM) SE Runtime Environment (17.0.5+9) (build 17.0.5+9-LTS-191)
# Java VM: Java HotSpot(TM) 64-Bit Server VM (17.0.5+9-LTS-191, mixed mode, emulated-client, sharing, tiered, compressed oops, compressed class ptrs, g1 gc, windows-amd64)
GC Precious Log:
 CPUs: 8 total, 8 available
 Memory: 7973M
 Large Page Support: Disabled
 NUMA Support: Disabled
 Compressed Oops: Enabled (32-bit)
 Heap Region Size: 1M
 Heap Min Capacity: 8M
 Heap Initial Capacity: 126M
 Heap Max Capacity: 1994M
 Pre-touch: Disabled
 Parallel Workers: 8
 Concurrent Workers: 2
 Concurrent Refinement Workers: 8
 Periodic GC: Disabled
Heap:
 garbage-first heap   total 86016K, used 57102K [0x0000000083600000, 0x0000000100000000)
  region size 1024K, 13 young (13312K), 2 survivors (2048K)
 Metaspace       used 85659K, committed 86272K, reserved 1130496K
  class space    used 12413K, committed 12672K, reserved 1048576K
GC Heap History (20 events):
Event: 3.907 GC heap before
{Heap before GC invocations=9 (full 0):
 garbage-first heap   total 86016K, used 35573K [0x0000000083600000, 0x0000000100000000)
  region size 1024K, 12 young (12288K), 6 survivors (6144K)
 Metaspace       used 35667K, committed 36160K, reserved 1081344K
  class space    used 4944K, committed 5184K, reserved 1048576K
}
Event: 3.912 GC heap after
{Heap after GC invocations=10 (full 0):
 garbage-first heap   total 86016K, used 30645K [0x0000000083600000, 0x0000000100000000)
  region size 1024K, 1 young (1024K), 1 survivors (1024K)
 Metaspace       used 35667K, committed 36160K, reserved 1081344K
  class space    used 4944K, committed 5184K, reserved 1048576K
}
Event: 4.522 GC heap before
{Heap before GC invocations=11 (full 0):
 garbage-first heap   total 86016K, used 65461K [0x0000000083600000, 0x0000000100000000)
  region size 1024K, 35 young (35840K), 1 survivors (1024K)
 Metaspace       used 42295K, committed 42816K, reserved 1089536K
  class space    used 6071K, committed 6336K, reserved 1048576K
}
Event: 4.525 GC heap after
{Heap after GC invocations=12 (full 0):
 garbage-first heap   total 86016K, used 32352K [0x0000000083600000, 0x0000000100000000)
  region size 1024K, 3 young (3072K), 3 survivors (3072K)
 Metaspace       used 42295K, committed 42816K, reserved 1089536K
  class space    used 6071K, committed 6336K, reserved 1048576K
}
Event: 5.488 GC heap before
{Heap before GC invocations=12 (full 0):
 garbage-first heap   total 86016K, used 66144K [0x0000000083600000, 0x0000000100000000)
  region size 1024K, 36 young (36864K), 3 survivors (3072K)
 Metaspace       used 52270K, committed 52800K, reserved 1097728K
  class space    used 7432K, committed 7680K, reserved 1048576K
}
Event: 5.493 GC heap after
{Heap after GC invocations=13 (full 0):
 garbage-first heap   total 86016K, used 35057K [0x0000000083600000, 0x0000000100000000)
  region size 1024K, 5 young (5120K), 5 survivors (5120K)
 Metaspace       used 52270K, committed 52800K, reserved 1097728K
  class space    used 7432K, committed 7680K, reserved 1048576K
}
Event: 6.145 GC heap before
{Heap before GC invocations=13 (full 0):
 garbage-first heap   total 86016K, used 66801K [0x0000000083600000, 0x0000000100000000)
  region size 1024K, 36 young (36864K), 5 survivors (5120K)
 Metaspace       used 58810K, committed 59328K, reserved 1105920K
  class space    used 8303K, committed 8512K, reserved 1048576K
}
Event: 6.150 GC heap after
{Heap after GC invocations=14 (full 0):
 garbage-first heap   total 86016K, used 36876K [0x0000000083600000, 0x0000000100000000)
  region size 1024K, 5 young (5120K), 5 survivors (5120K)
 Metaspace       used 58810K, committed 59328K, reserved 1105920K
  class space    used 8303K, committed 8512K, reserved 1048576K
}
Event: 6.224 GC heap before
{Heap before GC invocations=14 (full 0):
 garbage-first heap   total 86016K, used 39948K [0x0000000083600000, 0x0000000100000000)
  region size 1024K, 9 young (9216K), 5 survivors (5120K)
 Metaspace       used 59906K, committed 60416K, reserved 1105920K
  class space    used 8444K, committed 8704K, reserved 1048576K
}
Event: 6.228 GC heap after
{Heap after GC invocations=15 (full 0):
 garbage-first heap   total 86016K, used 37057K [0x0000000083600000, 0x0000000100000000)
  region size 1024K, 2 young (2048K), 2 survivors (2048K)
 Metaspace       used 59906K, committed 60416K, reserved 1105920K
  class space    used 8444K, committed 8704K, reserved 1048576K
}
Event: 6.945 GC heap before
{Heap before GC invocations=16 (full 0):
 garbage-first heap   total 86016K, used 68801K [0x0000000083600000, 0x0000000100000000)
  region size 1024K, 33 young (33792K), 2 survivors (2048K)
 Metaspace       used 67321K, committed 67840K, reserved 1114112K
  class space    used 9748K, committed 9984K, reserved 1048576K
}
Event: 6.948 GC heap after
{Heap after GC invocations=17 (full 0):
 garbage-first heap   total 86016K, used 37937K [0x0000000083600000, 0x0000000100000000)
  region size 1024K, 3 young (3072K), 3 survivors (3072K)
 Metaspace       used 67321K, committed 67840K, reserved 1114112K
  class space    used 9748K, committed 9984K, reserved 1048576K
}
Event: 8.030 GC heap before
{Heap before GC invocations=18 (full 0):
 garbage-first heap   total 86016K, used 69681K [0x0000000083600000, 0x0000000100000000)
  region size 1024K, 34 young (34816K), 3 survivors (3072K)
 Metaspace       used 71803K, committed 72448K, reserved 1114112K
  class space    used 10392K, committed 10688K, reserved 1048576K
}
Event: 8.035 GC heap after
{Heap after GC invocations=19 (full 0):
 garbage-first heap   total 86016K, used 40868K [0x0000000083600000, 0x0000000100000000)
  region size 1024K, 5 young (5120K), 5 survivors (5120K)
 Metaspace       used 71803K, committed 72448K, reserved 1114112K
  class space    used 10392K, committed 10688K, reserved 1048576K
}
Event: 8.968 GC heap before
{Heap before GC invocations=19 (full 0):
 garbage-first heap   total 86016K, used 68516K [0x0000000083600000, 0x0000000100000000)
  region size 1024K, 32 young (32768K), 5 survivors (5120K)
 Metaspace       used 75377K, committed 76032K, reserved 1114112K
  class space    used 10880K, committed 11200K, reserved 1048576K
}
Event: 8.974 GC heap after
{Heap after GC invocations=20 (full 0):
 garbage-first heap   total 86016K, used 43477K [0x0000000083600000, 0x0000000100000000)
  region size 1024K, 3 young (3072K), 3 survivors (3072K)
 Metaspace       used 75377K, committed 76032K, reserved 1114112K
  class space    used 10880K, committed 11200K, reserved 1048576K
}
Event: 9.833 GC heap before
{Heap before GC invocations=20 (full 0):
 garbage-first heap   total 86016K, used 68053K [0x0000000083600000, 0x0000000100000000)
  region size 1024K, 28 young (28672K), 3 survivors (3072K)
 Metaspace       used 79571K, committed 80256K, reserved 1122304K
  class space    used 11507K, committed 11840K, reserved 1048576K
}
Event: 9.840 GC heap after
{Heap after GC invocations=21 (full 0):
 garbage-first heap   total 86016K, used 46405K [0x0000000083600000, 0x0000000100000000)
  region size 1024K, 3 young (3072K), 3 survivors (3072K)
 Metaspace       used 79571K, committed 80256K, reserved 1122304K
  class space    used 11507K, committed 11840K, reserved 1048576K
}
Event: 255.541 GC heap before
{Heap before GC invocations=22 (full 0):
 garbage-first heap   total 86016K, used 67909K [0x0000000083600000, 0x0000000100000000)
  region size 1024K, 25 young (25600K), 3 survivors (3072K)
 Metaspace       used 82360K, committed 82944K, reserved 1122304K
  class space    used 11892K, committed 12160K, reserved 1048576K
}
Event: 255.548 GC heap after
{Heap after GC invocations=23 (full 0):
 garbage-first heap   total 86016K, used 47886K [0x0000000083600000, 0x0000000100000000)
  region size 1024K, 2 young (2048K), 2 survivors (2048K)
 Metaspace       used 82360K, committed 82944K, reserved 1122304K
  class space    used 11892K, committed 12160K, reserved 1048576K
}

