# JRE version: Java(TM) SE Runtime Environment (17.0.5+9) (build 17.0.5+9-LTS-191)
# Java VM: Java HotSpot(TM) 64-Bit Server VM (17.0.5+9-LTS-191, mixed mode, emulated-client, sharing, tiered, compressed oops, compressed class ptrs, g1 gc, windows-amd64)
GC Precious Log:
 CPUs: 8 total, 8 available
 Memory: 7973M
 Large Page Support: Disabled
 NUMA Support: Disabled
 Compressed Oops: Enabled (32-bit)
 Heap Region Size: 1M
 Heap Min Capacity: 8M
 Heap Initial Capacity: 126M
 Heap Max Capacity: 1994M
 Pre-touch: Disabled
 Parallel Workers: 8
 Concurrent Workers: 2
 Concurrent Refinement Workers: 8
 Periodic GC: Disabled
Heap:
 garbage-first heap   total 68608K, used 30261K [0x0000000083600000, 0x0000000100000000)
  region size 1024K, 4 young (4096K), 4 survivors (4096K)
 Metaspace       used 35303K, committed 35776K, reserved 1081344K
  class space    used 4879K, committed 5120K, reserved 1048576K
GC Heap History (19 events):
Event: 2.174 GC heap before
{Heap before GC invocations=0 (full 0):
 garbage-first heap   total 129024K, used 26624K [0x0000000083600000, 0x0000000100000000)
  region size 1024K, 23 young (23552K), 0 survivors (0K)
 Metaspace       used 6719K, committed 6912K, reserved 1056768K
  class space    used 868K, committed 960K, reserved 1048576K
}
Event: 2.180 GC heap after
{Heap after GC invocations=1 (full 0):
 garbage-first heap   total 129024K, used 10742K [0x0000000083600000, 0x0000000100000000)
  region size 1024K, 3 young (3072K), 3 survivors (3072K)
 Metaspace       used 6719K, committed 6912K, reserved 1056768K
  class space    used 868K, committed 960K, reserved 1048576K
}
Event: 2.494 GC heap before
{Heap before GC invocations=1 (full 0):
 garbage-first heap   total 129024K, used 36342K [0x0000000083600000, 0x0000000100000000)
  region size 1024K, 25 young (25600K), 3 survivors (3072K)
 Metaspace       used 9485K, committed 9728K, reserved 1064960K
  class space    used 1214K, committed 1344K, reserved 1048576K
}
Event: 2.501 GC heap after
{Heap after GC invocations=2 (full 0):
 garbage-first heap   total 129024K, used 15030K [0x0000000083600000, 0x0000000100000000)
  region size 1024K, 4 young (4096K), 4 survivors (4096K)
 Metaspace       used 9485K, committed 9728K, reserved 1064960K
  class space    used 1214K, committed 1344K, reserved 1048576K
}
Event: 3.338 GC heap before
{Heap before GC invocations=2 (full 0):
 garbage-first heap   total 129024K, used 60086K [0x0000000083600000, 0x0000000100000000)
  region size 1024K, 48 young (49152K), 4 survivors (4096K)
 Metaspace       used 16363K, committed 16704K, reserved 1064960K
  class space    used 2213K, committed 2368K, reserved 1048576K
}
Event: 3.343 GC heap after
{Heap after GC invocations=3 (full 0):
 garbage-first heap   total 129024K, used 17961K [0x0000000083600000, 0x0000000100000000)
  region size 1024K, 3 young (3072K), 3 survivors (3072K)
 Metaspace       used 16363K, committed 16704K, reserved 1064960K
  class space    used 2213K, committed 2368K, reserved 1048576K
}
Event: 3.599 GC heap before
{Heap before GC invocations=3 (full 0):
 garbage-first heap   total 129024K, used 38441K [0x0000000083600000, 0x0000000100000000)
  region size 1024K, 24 young (24576K), 3 survivors (3072K)
 Metaspace       used 21166K, committed 21504K, reserved 1073152K
  class space    used 2831K, committed 3008K, reserved 1048576K
}
Event: 3.603 GC heap after
{Heap after GC invocations=4 (full 0):
 garbage-first heap   total 129024K, used 18533K [0x0000000083600000, 0x0000000100000000)
  region size 1024K, 4 young (4096K), 4 survivors (4096K)
 Metaspace       used 21166K, committed 21504K, reserved 1073152K
  class space    used 2831K, committed 3008K, reserved 1048576K
}
Event: 4.055 GC heap before
{Heap before GC invocations=5 (full 0):
 garbage-first heap   total 68608K, used 54373K [0x0000000083600000, 0x0000000100000000)
  region size 1024K, 40 young (40960K), 4 survivors (4096K)
 Metaspace       used 26060K, committed 26496K, reserved 1073152K
  class space    used 3424K, committed 3648K, reserved 1048576K
}
Event: 4.060 GC heap after
{Heap after GC invocations=6 (full 0):
 garbage-first heap   total 68608K, used 21121K [0x0000000083600000, 0x0000000100000000)
  region size 1024K, 4 young (4096K), 4 survivors (4096K)
 Metaspace       used 26060K, committed 26496K, reserved 1073152K
  class space    used 3424K, committed 3648K, reserved 1048576K
}
Event: 4.074 GC heap before
{Heap before GC invocations=6 (full 0):
 garbage-first heap   total 68608K, used 22145K [0x0000000083600000, 0x0000000100000000)
  region size 1024K, 5 young (5120K), 4 survivors (4096K)
 Metaspace       used 26120K, committed 26560K, reserved 1073152K
  class space    used 3435K, committed 3648K, reserved 1048576K
}
Event: 4.077 GC heap after
{Heap after GC invocations=7 (full 0):
 garbage-first heap   total 68608K, used 21336K [0x0000000083600000, 0x0000000100000000)
  region size 1024K, 1 young (1024K), 1 survivors (1024K)
 Metaspace       used 26120K, committed 26560K, reserved 1073152K
  class space    used 3435K, committed 3648K, reserved 1048576K
}
Event: 4.437 GC heap before
{Heap before GC invocations=7 (full 0):
 garbage-first heap   total 68608K, used 46936K [0x0000000083600000, 0x0000000100000000)
  region size 1024K, 27 young (27648K), 1 survivors (1024K)
 Metaspace       used 27980K, committed 28416K, reserved 1081344K
  class space    used 3720K, committed 3904K, reserved 1048576K
}
Event: 4.440 GC heap after
{Heap after GC invocations=8 (full 0):
 garbage-first heap   total 68608K, used 22650K [0x0000000083600000, 0x0000000100000000)
  region size 1024K, 2 young (2048K), 2 survivors (2048K)
 Metaspace       used 27980K, committed 28416K, reserved 1081344K
  class space    used 3720K, committed 3904K, reserved 1048576K
}
Event: 4.869 GC heap before
{Heap before GC invocations=8 (full 0):
 garbage-first heap   total 68608K, used 50298K [0x0000000083600000, 0x0000000100000000)
  region size 1024K, 29 young (29696K), 2 survivors (2048K)
 Metaspace       used 31074K, committed 31488K, reserved 1081344K
  class space    used 4271K, committed 4480K, reserved 1048576K
}
Event: 4.871 GC heap after
{Heap after GC invocations=9 (full 0):
 garbage-first heap   total 68608K, used 24042K [0x0000000083600000, 0x0000000100000000)
  region size 1024K, 4 young (4096K), 4 survivors (4096K)
 Metaspace       used 31074K, committed 31488K, reserved 1081344K
  class space    used 4271K, committed 4480K, reserved 1048576K
}
Event: 5.277 GC heap before
{Heap before GC invocations=9 (full 0):
 garbage-first heap   total 68608K, used 50666K [0x0000000083600000, 0x0000000100000000)
  region size 1024K, 30 young (30720K), 4 survivors (4096K)
 Metaspace       used 34945K, committed 35392K, reserved 1081344K
  class space    used 4843K, committed 5056K, reserved 1048576K
}
Event: 5.282 GC heap after
{Heap after GC invocations=10 (full 0):
 garbage-first heap   total 68608K, used 26589K [0x0000000083600000, 0x0000000100000000)
  region size 1024K, 4 young (4096K), 4 survivors (4096K)
 Metaspace       used 34945K, committed 35392K, reserved 1081344K
  class space    used 4843K, committed 5056K, reserved 1048576K
}
Event: 5.401 GC heap before
{Heap before GC invocations=10 (full 0):
 garbage-first heap   total 68608K, used 56285K [0x0000000083600000, 0x0000000100000000)
  region size 1024K, 29 young (29696K), 4 survivors (4096K)
 Metaspace       used 35303K, committed 35776K, reserved 1081344K
  class space    used 4879K, committed 5120K, reserved 1048576K
}

