# JRE version: Java(TM) SE Runtime Environment (17.0.5+9) (build 17.0.5+9-LTS-191)
# Java VM: Java HotSpot(TM) 64-Bit Server VM (17.0.5+9-LTS-191, mixed mode, emulated-client, sharing, tiered, compressed oops, compressed class ptrs, g1 gc, windows-amd64)
GC Precious Log:
 CPUs: 8 total, 8 available
 Memory: 7973M
 Large Page Support: Disabled
 NUMA Support: Disabled
 Compressed Oops: Enabled (32-bit)
 Heap Region Size: 1M
 Heap Min Capacity: 8M
 Heap Initial Capacity: 126M
 Heap Max Capacity: 1994M
 Pre-touch: Disabled
 Parallel Workers: 8
 Concurrent Workers: 2
 Concurrent Refinement Workers: 8
 Periodic GC: Disabled
Heap:
 garbage-first heap   total 134144K, used 55432K [0x0000000083600000, 0x0000000100000000)
  region size 1024K, 12 young (12288K), 1 survivors (1024K)
 Metaspace       used 91782K, committed 92352K, reserved 1130496K
  class space    used 13466K, committed 13760K, reserved 1048576K
GC Heap History (20 events):
Event: 8.411 GC heap before
{Heap before GC invocations=18 (full 0):
 garbage-first heap   total 86016K, used 69742K [0x0000000083600000, 0x0000000100000000)
  region size 1024K, 33 young (33792K), 2 survivors (2048K)
 Metaspace       used 67451K, committed 67968K, reserved 1114112K
  class space    used 9763K, committed 9984K, reserved 1048576K
}
Event: 8.416 GC heap after
{Heap after GC invocations=19 (full 0):
 garbage-first heap   total 86016K, used 39005K [0x0000000083600000, 0x0000000100000000)
  region size 1024K, 3 young (3072K), 3 survivors (3072K)
 Metaspace       used 67451K, committed 67968K, reserved 1114112K
  class space    used 9763K, committed 9984K, reserved 1048576K
}
Event: 9.470 GC heap before
{Heap before GC invocations=19 (full 0):
 garbage-first heap   total 86016K, used 69725K [0x0000000083600000, 0x0000000100000000)
  region size 1024K, 33 young (33792K), 3 survivors (3072K)
 Metaspace       used 71997K, committed 72640K, reserved 1114112K
  class space    used 10383K, committed 10688K, reserved 1048576K
}
Event: 9.478 GC heap after
{Heap after GC invocations=20 (full 0):
 garbage-first heap   total 86016K, used 41973K [0x0000000083600000, 0x0000000100000000)
  region size 1024K, 5 young (5120K), 5 survivors (5120K)
 Metaspace       used 71997K, committed 72640K, reserved 1114112K
  class space    used 10383K, committed 10688K, reserved 1048576K
}
Event: 10.261 GC heap before
{Heap before GC invocations=20 (full 0):
 garbage-first heap   total 86016K, used 69621K [0x0000000083600000, 0x0000000100000000)
  region size 1024K, 32 young (32768K), 5 survivors (5120K)
 Metaspace       used 75303K, committed 75904K, reserved 1114112K
  class space    used 10857K, committed 11136K, reserved 1048576K
}
Event: 10.270 GC heap after
{Heap after GC invocations=21 (full 0):
 garbage-first heap   total 86016K, used 44278K [0x0000000083600000, 0x0000000100000000)
  region size 1024K, 3 young (3072K), 3 survivors (3072K)
 Metaspace       used 75303K, committed 75904K, reserved 1114112K
  class space    used 10857K, committed 11136K, reserved 1048576K
}
Event: 11.293 GC heap before
{Heap before GC invocations=21 (full 0):
 garbage-first heap   total 86016K, used 68854K [0x0000000083600000, 0x0000000100000000)
  region size 1024K, 28 young (28672K), 3 survivors (3072K)
 Metaspace       used 78596K, committed 79232K, reserved 1122304K
  class space    used 11346K, committed 11648K, reserved 1048576K
}
Event: 11.299 GC heap after
{Heap after GC invocations=22 (full 0):
 garbage-first heap   total 86016K, used 47178K [0x0000000083600000, 0x0000000100000000)
  region size 1024K, 4 young (4096K), 4 survivors (4096K)
 Metaspace       used 78596K, committed 79232K, reserved 1122304K
  class space    used 11346K, committed 11648K, reserved 1048576K
}
Event: 70.381 GC heap before
{Heap before GC invocations=23 (full 0):
 garbage-first heap   total 86016K, used 68682K [0x0000000083600000, 0x0000000100000000)
  region size 1024K, 25 young (25600K), 4 survivors (4096K)
 Metaspace       used 82379K, committed 83072K, reserved 1122304K
  class space    used 11908K, committed 12224K, reserved 1048576K
}
Event: 70.387 GC heap after
{Heap after GC invocations=24 (full 0):
 garbage-first heap   total 86016K, used 48741K [0x0000000083600000, 0x0000000100000000)
  region size 1024K, 2 young (2048K), 2 survivors (2048K)
 Metaspace       used 82379K, committed 83072K, reserved 1122304K
  class space    used 11908K, committed 12224K, reserved 1048576K
}
Event: 70.443 GC heap before
{Heap before GC invocations=24 (full 0):
 garbage-first heap   total 86016K, used 49765K [0x0000000083600000, 0x0000000100000000)
  region size 1024K, 4 young (4096K), 2 survivors (2048K)
 Metaspace       used 82860K, committed 83520K, reserved 1122304K
  class space    used 11972K, committed 12288K, reserved 1048576K
}
Event: 70.447 GC heap after
{Heap after GC invocations=25 (full 0):
 garbage-first heap   total 86016K, used 48493K [0x0000000083600000, 0x0000000100000000)
  region size 1024K, 1 young (1024K), 1 survivors (1024K)
 Metaspace       used 82860K, committed 83520K, reserved 1122304K
  class space    used 11972K, committed 12288K, reserved 1048576K
}
Event: 70.809 GC heap before
{Heap before GC invocations=25 (full 0):
 garbage-first heap   total 86016K, used 68973K [0x0000000083600000, 0x0000000100000000)
  region size 1024K, 22 young (22528K), 1 survivors (1024K)
 Metaspace       used 86656K, committed 87296K, reserved 1130496K
  class space    used 12670K, committed 12992K, reserved 1048576K
}
Event: 70.812 GC heap after
{Heap after GC invocations=26 (full 0):
 garbage-first heap   total 86016K, used 50052K [0x0000000083600000, 0x0000000100000000)
  region size 1024K, 2 young (2048K), 2 survivors (2048K)
 Metaspace       used 86656K, committed 87296K, reserved 1130496K
  class space    used 12670K, committed 12992K, reserved 1048576K
}
Event: 76.203 GC heap before
{Heap before GC invocations=27 (full 0):
 garbage-first heap   total 87040K, used 69508K [0x0000000083600000, 0x0000000100000000)
  region size 1024K, 22 young (22528K), 2 survivors (2048K)
 Metaspace       used 91154K, committed 91712K, reserved 1130496K
  class space    used 13353K, committed 13632K, reserved 1048576K
}
Event: 76.210 GC heap after
{Heap after GC invocations=28 (full 0):
 garbage-first heap   total 87040K, used 51365K [0x0000000083600000, 0x0000000100000000)
  region size 1024K, 2 young (2048K), 2 survivors (2048K)
 Metaspace       used 91154K, committed 91712K, reserved 1130496K
  class space    used 13353K, committed 13632K, reserved 1048576K
}
Event: 76.304 GC heap before
{Heap before GC invocations=28 (full 0):
 garbage-first heap   total 87040K, used 53413K [0x0000000083600000, 0x0000000100000000)
  region size 1024K, 4 young (4096K), 2 survivors (2048K)
 Metaspace       used 91498K, committed 92096K, reserved 1130496K
  class space    used 13412K, committed 13696K, reserved 1048576K
}
Event: 76.316 GC heap after
{Heap after GC invocations=29 (full 0):
 garbage-first heap   total 87040K, used 46640K [0x0000000083600000, 0x0000000100000000)
  region size 1024K, 1 young (1024K), 1 survivors (1024K)
 Metaspace       used 91498K, committed 92096K, reserved 1130496K
  class space    used 13412K, committed 13696K, reserved 1048576K
}
Event: 187.372 GC heap before
{Heap before GC invocations=29 (full 0):
 garbage-first heap   total 87040K, used 49712K [0x0000000083600000, 0x0000000100000000)
  region size 1024K, 4 young (4096K), 1 survivors (1024K)
 Metaspace       used 91563K, committed 92160K, reserved 1130496K
  class space    used 13419K, committed 13696K, reserved 1048576K
}
Event: 187.381 GC heap after
{Heap after GC invocations=30 (full 0):
 garbage-first heap   total 134144K, used 45192K [0x0000000083600000, 0x0000000100000000)
  region size 1024K, 1 young (1024K), 1 survivors (1024K)
 Metaspace       used 91563K, committed 92160K, reserved 1130496K
  class space    used 13419K, committed 13696K, reserved 1048576K
}

